{
  "F:\\PROYECTOS\\_DESARROLLO_WEB\\260113_-_portfolio_alexzapata_dev\\portfolio_alexzapata_dev\\portfolio_frontend\\src\\components-islands\\ScrollToTop.tsx": {
    "path": "F:\\PROYECTOS\\_DESARROLLO_WEB\\260113_-_portfolio_alexzapata_dev\\portfolio_alexzapata_dev\\portfolio_frontend\\src\\components-islands\\ScrollToTop.tsx",
    "statementMap": {
      "0": { "start": { "line": 4, "column": 28 }, "end": { "line": 4, "column": null } },
      "1": { "start": { "line": 6, "column": 2 }, "end": { "line": 12, "column": null } },
      "2": { "start": { "line": 7, "column": 21 }, "end": { "line": 9, "column": null } },
      "3": { "start": { "line": 8, "column": 6 }, "end": { "line": 8, "column": null } },
      "4": { "start": { "line": 10, "column": 4 }, "end": { "line": 10, "column": null } },
      "5": { "start": { "line": 11, "column": 4 }, "end": { "line": 11, "column": null } },
      "6": { "start": { "line": 11, "column": 17 }, "end": { "line": 11, "column": null } },
      "7": { "start": { "line": 14, "column": 19 }, "end": { "line": 16, "column": null } },
      "8": { "start": { "line": 15, "column": 4 }, "end": { "line": 15, "column": null } },
      "9": { "start": { "line": 18, "column": 2 }, "end": { "line": 18, "column": null } },
      "10": { "start": { "line": 18, "column": 16 }, "end": { "line": 18, "column": null } },
      "11": { "start": { "line": 20, "column": 2 }, "end": { "line": 64, "column": null } },
      "12": { "start": { "line": 43, "column": 9 }, "end": { "line": 43, "column": null } },
      "13": { "start": { "line": 44, "column": 9 }, "end": { "line": 44, "column": null } },
      "14": { "start": { "line": 47, "column": 9 }, "end": { "line": 47, "column": null } },
      "15": { "start": { "line": 48, "column": 9 }, "end": { "line": 48, "column": null } }
    },
    "fnMap": {
      "0": {
        "name": "ScrollToTop",
        "decl": { "start": { "line": 3, "column": 24 }, "end": { "line": 3, "column": 38 } },
        "loc": { "start": { "line": 3, "column": 38 }, "end": { "line": 66, "column": null } },
        "line": 3
      },
      "1": {
        "name": "(anonymous_1)",
        "decl": { "start": { "line": 6, "column": 12 }, "end": { "line": 6, "column": 18 } },
        "loc": { "start": { "line": 6, "column": 18 }, "end": { "line": 12, "column": 5 } },
        "line": 6
      },
      "2": {
        "name": "(anonymous_2)",
        "decl": { "start": { "line": 7, "column": 21 }, "end": { "line": 7, "column": 27 } },
        "loc": { "start": { "line": 7, "column": 27 }, "end": { "line": 9, "column": null } },
        "line": 7
      },
      "3": {
        "name": "(anonymous_3)",
        "decl": { "start": { "line": 11, "column": 11 }, "end": { "line": 11, "column": 17 } },
        "loc": { "start": { "line": 11, "column": 17 }, "end": { "line": 11, "column": null } },
        "line": 11
      },
      "4": {
        "name": "(anonymous_4)",
        "decl": { "start": { "line": 14, "column": 19 }, "end": { "line": 14, "column": 25 } },
        "loc": { "start": { "line": 14, "column": 25 }, "end": { "line": 16, "column": null } },
        "line": 14
      },
      "5": {
        "name": "(anonymous_5)",
        "decl": { "start": { "line": 42, "column": 20 }, "end": { "line": 42, "column": 21 } },
        "loc": { "start": { "line": 42, "column": 27 }, "end": { "line": 45, "column": null } },
        "line": 42
      },
      "6": {
        "name": "(anonymous_6)",
        "decl": { "start": { "line": 46, "column": 20 }, "end": { "line": 46, "column": 21 } },
        "loc": { "start": { "line": 46, "column": 27 }, "end": { "line": 49, "column": null } },
        "line": 46
      }
    },
    "branchMap": {
      "0": {
        "loc": { "start": { "line": 18, "column": 2 }, "end": { "line": 18, "column": null } },
        "type": "if",
        "locations": [
          { "start": { "line": 18, "column": 2 }, "end": { "line": 18, "column": null } },
          { "start": {}, "end": {} }
        ],
        "line": 18
      }
    },
    "s": {
      "0": 0,
      "1": 0,
      "2": 0,
      "3": 0,
      "4": 0,
      "5": 0,
      "6": 0,
      "7": 0,
      "8": 0,
      "9": 0,
      "10": 0,
      "11": 0,
      "12": 0,
      "13": 0,
      "14": 0,
      "15": 0
    },
    "f": { "0": 0, "1": 0, "2": 0, "3": 0, "4": 0, "5": 0, "6": 0 },
    "b": { "0": [0, 0] },
    "meta": {
      "lastBranch": 1,
      "lastFunction": 7,
      "lastStatement": 16,
      "seen": {
        "f:3:24:3:38": 0,
        "s:4:28:4:Infinity": 0,
        "s:6:2:12:Infinity": 1,
        "f:6:12:6:18": 1,
        "s:7:21:9:Infinity": 2,
        "f:7:21:7:27": 2,
        "s:8:6:8:Infinity": 3,
        "s:10:4:10:Infinity": 4,
        "s:11:4:11:Infinity": 5,
        "f:11:11:11:17": 3,
        "s:11:17:11:Infinity": 6,
        "s:14:19:16:Infinity": 7,
        "f:14:19:14:25": 4,
        "s:15:4:15:Infinity": 8,
        "b:18:2:18:Infinity:undefined:undefined:undefined:undefined": 0,
        "s:18:2:18:Infinity": 9,
        "s:18:16:18:Infinity": 10,
        "s:20:2:64:Infinity": 11,
        "f:42:20:42:21": 5,
        "s:43:9:43:Infinity": 12,
        "s:44:9:44:Infinity": 13,
        "f:46:20:46:21": 6,
        "s:47:9:47:Infinity": 14,
        "s:48:9:48:Infinity": 15
      }
    }
  },
  "F:\\PROYECTOS\\_DESARROLLO_WEB\\260113_-_portfolio_alexzapata_dev\\portfolio_alexzapata_dev\\portfolio_frontend\\src\\config\\constants.ts": {
    "path": "F:\\PROYECTOS\\_DESARROLLO_WEB\\260113_-_portfolio_alexzapata_dev\\portfolio_alexzapata_dev\\portfolio_frontend\\src\\config\\constants.ts",
    "statementMap": {
      "0": { "start": { "line": 1, "column": 23 }, "end": { "line": 1, "column": null } },
      "1": { "start": { "line": 3, "column": 22 }, "end": { "line": 8, "column": null } }
    },
    "fnMap": {},
    "branchMap": {},
    "s": { "0": 1, "1": 1 },
    "f": {},
    "b": {},
    "meta": {
      "lastBranch": 0,
      "lastFunction": 0,
      "lastStatement": 2,
      "seen": { "s:1:23:1:Infinity": 0, "s:3:22:8:Infinity": 1 }
    }
  },
  "F:\\PROYECTOS\\_DESARROLLO_WEB\\260113_-_portfolio_alexzapata_dev\\portfolio_alexzapata_dev\\portfolio_frontend\\src\\config\\seo.ts": {
    "path": "F:\\PROYECTOS\\_DESARROLLO_WEB\\260113_-_portfolio_alexzapata_dev\\portfolio_alexzapata_dev\\portfolio_frontend\\src\\config\\seo.ts",
    "statementMap": {
      "0": { "start": { "line": 10, "column": 38 }, "end": { "line": 15, "column": null } },
      "1": { "start": { "line": 17, "column": 50 }, "end": { "line": 35, "column": null } }
    },
    "fnMap": {},
    "branchMap": {},
    "s": { "0": 0, "1": 0 },
    "f": {},
    "b": {},
    "meta": {
      "lastBranch": 0,
      "lastFunction": 0,
      "lastStatement": 2,
      "seen": { "s:10:38:15:Infinity": 0, "s:17:50:35:Infinity": 1 }
    }
  },
  "F:\\PROYECTOS\\_DESARROLLO_WEB\\260113_-_portfolio_alexzapata_dev\\portfolio_alexzapata_dev\\portfolio_frontend\\src\\config\\site.ts": {
    "path": "F:\\PROYECTOS\\_DESARROLLO_WEB\\260113_-_portfolio_alexzapata_dev\\portfolio_alexzapata_dev\\portfolio_frontend\\src\\config\\site.ts",
    "statementMap": {
      "0": { "start": { "line": 1, "column": 20 }, "end": { "line": 8, "column": null } }
    },
    "fnMap": {},
    "branchMap": {},
    "s": { "0": 0 },
    "f": {},
    "b": {},
    "meta": {
      "lastBranch": 0,
      "lastFunction": 0,
      "lastStatement": 1,
      "seen": { "s:1:20:8:Infinity": 0 }
    }
  },
  "F:\\PROYECTOS\\_DESARROLLO_WEB\\260113_-_portfolio_alexzapata_dev\\portfolio_alexzapata_dev\\portfolio_frontend\\src\\services\\api\\base.service.ts": {
    "path": "F:\\PROYECTOS\\_DESARROLLO_WEB\\260113_-_portfolio_alexzapata_dev\\portfolio_alexzapata_dev\\portfolio_frontend\\src\\services\\api\\base.service.ts",
    "statementMap": {
      "0": { "start": { "line": 43, "column": 4 }, "end": { "line": 43, "column": null } },
      "1": { "start": { "line": 39, "column": 20 }, "end": { "line": 39, "column": null } },
      "2": { "start": { "line": 41, "column": 20 }, "end": { "line": 41, "column": null } },
      "3": { "start": { "line": 44, "column": 4 }, "end": { "line": 44, "column": null } },
      "4": { "start": { "line": 70, "column": 48 }, "end": { "line": 70, "column": null } },
      "5": { "start": { "line": 71, "column": 48 }, "end": { "line": 71, "column": null } },
      "6": { "start": { "line": 75, "column": 2 }, "end": { "line": 75, "column": null } },
      "7": { "start": { "line": 80, "column": 2 }, "end": { "line": 80, "column": null } },
      "8": { "start": { "line": 101, "column": 14 }, "end": { "line": 101, "column": null } },
      "9": { "start": { "line": 104, "column": 34 }, "end": { "line": 110, "column": null } },
      "10": { "start": { "line": 113, "column": 2 }, "end": { "line": 115, "column": null } },
      "11": { "start": { "line": 114, "column": 4 }, "end": { "line": 114, "column": null } },
      "12": { "start": { "line": 118, "column": 2 }, "end": { "line": 127, "column": null } },
      "13": { "start": { "line": 119, "column": 4 }, "end": { "line": 119, "column": null } },
      "14": { "start": { "line": 122, "column": 4 }, "end": { "line": 126, "column": null } },
      "15": { "start": { "line": 130, "column": 2 }, "end": { "line": 134, "column": null } },
      "16": { "start": { "line": 131, "column": 4 }, "end": { "line": 133, "column": null } },
      "17": { "start": { "line": 132, "column": 6 }, "end": { "line": 132, "column": null } },
      "18": { "start": { "line": 136, "column": 2 }, "end": { "line": 149, "column": null } },
      "19": { "start": { "line": 137, "column": 18 }, "end": { "line": 137, "column": null } },
      "20": { "start": { "line": 139, "column": 4 }, "end": { "line": 147, "column": null } },
      "21": { "start": { "line": 140, "column": 39 }, "end": { "line": 140, "column": null } },
      "22": { "start": { "line": 141, "column": 6 }, "end": { "line": 144, "column": null } },
      "23": { "start": { "line": 142, "column": 8 }, "end": { "line": 142, "column": null } },
      "24": { "start": { "line": 143, "column": 8 }, "end": { "line": 143, "column": null } },
      "25": { "start": { "line": 148, "column": 4 }, "end": { "line": 148, "column": null } },
      "26": { "start": { "line": 151, "column": 24 }, "end": { "line": 151, "column": null } },
      "27": { "start": { "line": 154, "column": 2 }, "end": { "line": 156, "column": null } },
      "28": { "start": { "line": 155, "column": 4 }, "end": { "line": 155, "column": null } },
      "29": { "start": { "line": 158, "column": 2 }, "end": { "line": 158, "column": null } },
      "30": { "start": { "line": 172, "column": 2 }, "end": { "line": 172, "column": null } },
      "31": { "start": { "line": 186, "column": 2 }, "end": { "line": 190, "column": null } },
      "32": { "start": { "line": 204, "column": 2 }, "end": { "line": 208, "column": null } },
      "33": { "start": { "line": 221, "column": 2 }, "end": { "line": 221, "column": null } }
    },
    "fnMap": {
      "0": {
        "name": "(anonymous_0)",
        "decl": { "start": { "line": 38, "column": 2 }, "end": { "line": 38, "column": null } },
        "loc": { "start": { "line": 42, "column": 4 }, "end": { "line": 45, "column": null } },
        "line": 42
      },
      "1": {
        "name": "onBeforeRequest",
        "decl": { "start": { "line": 74, "column": 16 }, "end": { "line": 74, "column": 32 } },
        "loc": { "start": { "line": 74, "column": 63 }, "end": { "line": 76, "column": null } },
        "line": 74
      },
      "2": {
        "name": "onAfterResponse",
        "decl": { "start": { "line": 79, "column": 16 }, "end": { "line": 79, "column": 32 } },
        "loc": { "start": { "line": 79, "column": 63 }, "end": { "line": 81, "column": null } },
        "line": 79
      },
      "3": {
        "name": "apiFetch",
        "decl": { "start": { "line": 100, "column": 22 }, "end": { "line": 100, "column": 34 } },
        "loc": { "start": { "line": 100, "column": 84 }, "end": { "line": 159, "column": null } },
        "line": 100
      },
      "4": {
        "name": "apiGet",
        "decl": { "start": { "line": 171, "column": 22 }, "end": { "line": 171, "column": 32 } },
        "loc": { "start": { "line": 171, "column": 94 }, "end": { "line": 173, "column": null } },
        "line": 171
      },
      "5": {
        "name": "apiPost",
        "decl": { "start": { "line": 181, "column": 22 }, "end": { "line": 181, "column": null } },
        "loc": { "start": { "line": 185, "column": 14 }, "end": { "line": 191, "column": null } },
        "line": 185
      },
      "6": {
        "name": "apiPut",
        "decl": { "start": { "line": 199, "column": 22 }, "end": { "line": 199, "column": null } },
        "loc": { "start": { "line": 203, "column": 14 }, "end": { "line": 209, "column": null } },
        "line": 203
      },
      "7": {
        "name": "apiDelete",
        "decl": { "start": { "line": 217, "column": 22 }, "end": { "line": 217, "column": null } },
        "loc": { "start": { "line": 220, "column": 14 }, "end": { "line": 222, "column": null } },
        "line": 220
      }
    },
    "branchMap": {
      "0": {
        "loc": { "start": { "line": 100, "column": 48 }, "end": { "line": 100, "column": 84 } },
        "type": "default-arg",
        "locations": [
          { "start": { "line": 100, "column": 68 }, "end": { "line": 100, "column": 84 } }
        ],
        "line": 100
      },
      "1": {
        "loc": { "start": { "line": 130, "column": 2 }, "end": { "line": 134, "column": null } },
        "type": "if",
        "locations": [
          { "start": { "line": 130, "column": 2 }, "end": { "line": 134, "column": null } },
          { "start": {}, "end": {} }
        ],
        "line": 130
      },
      "2": {
        "loc": { "start": { "line": 136, "column": 2 }, "end": { "line": 149, "column": null } },
        "type": "if",
        "locations": [
          { "start": { "line": 136, "column": 2 }, "end": { "line": 149, "column": null } },
          { "start": {}, "end": {} }
        ],
        "line": 136
      },
      "3": {
        "loc": { "start": { "line": 141, "column": 6 }, "end": { "line": 144, "column": null } },
        "type": "if",
        "locations": [
          { "start": { "line": 141, "column": 6 }, "end": { "line": 144, "column": null } },
          { "start": {}, "end": {} }
        ],
        "line": 141
      },
      "4": {
        "loc": { "start": { "line": 142, "column": 18 }, "end": { "line": 142, "column": null } },
        "type": "binary-expr",
        "locations": [
          { "start": { "line": 142, "column": 18 }, "end": { "line": 142, "column": 34 } },
          { "start": { "line": 142, "column": 34 }, "end": { "line": 142, "column": null } }
        ],
        "line": 142
      },
      "5": {
        "loc": { "start": { "line": 154, "column": 2 }, "end": { "line": 156, "column": null } },
        "type": "if",
        "locations": [
          { "start": { "line": 154, "column": 2 }, "end": { "line": 156, "column": null } },
          { "start": {}, "end": {} }
        ],
        "line": 154
      },
      "6": {
        "loc": { "start": { "line": 154, "column": 6 }, "end": { "line": 154, "column": 67 } },
        "type": "binary-expr",
        "locations": [
          { "start": { "line": 154, "column": 6 }, "end": { "line": 154, "column": 23 } },
          { "start": { "line": 154, "column": 23 }, "end": { "line": 154, "column": 51 } },
          { "start": { "line": 154, "column": 51 }, "end": { "line": 154, "column": 67 } }
        ],
        "line": 154
      }
    },
    "s": {
      "0": 13,
      "1": 13,
      "2": 13,
      "3": 13,
      "4": 1,
      "5": 1,
      "6": 2,
      "7": 2,
      "8": 21,
      "9": 21,
      "10": 21,
      "11": 15,
      "12": 21,
      "13": 21,
      "14": 2,
      "15": 19,
      "16": 12,
      "17": 9,
      "18": 19,
      "19": 7,
      "20": 7,
      "21": 7,
      "22": 5,
      "23": 5,
      "24": 5,
      "25": 7,
      "26": 12,
      "27": 12,
      "28": 11,
      "29": 1,
      "30": 1,
      "31": 1,
      "32": 1,
      "33": 1
    },
    "f": { "0": 13, "1": 2, "2": 2, "3": 21, "4": 1, "5": 1, "6": 1, "7": 1 },
    "b": {
      "0": [21],
      "1": [12, 7],
      "2": [7, 12],
      "3": [5, 0],
      "4": [5, 0],
      "5": [11, 1],
      "6": [12, 12, 12]
    },
    "meta": {
      "lastBranch": 7,
      "lastFunction": 8,
      "lastStatement": 34,
      "seen": {
        "f:38:2:38:Infinity": 0,
        "s:43:4:43:Infinity": 0,
        "s:39:20:39:Infinity": 1,
        "s:41:20:41:Infinity": 2,
        "s:44:4:44:Infinity": 3,
        "s:70:48:70:Infinity": 4,
        "s:71:48:71:Infinity": 5,
        "f:74:16:74:32": 1,
        "s:75:2:75:Infinity": 6,
        "f:79:16:79:32": 2,
        "s:80:2:80:Infinity": 7,
        "f:100:22:100:34": 3,
        "b:100:68:100:84": 0,
        "s:101:14:101:Infinity": 8,
        "s:104:34:110:Infinity": 9,
        "s:113:2:115:Infinity": 10,
        "s:114:4:114:Infinity": 11,
        "s:118:2:127:Infinity": 12,
        "s:119:4:119:Infinity": 13,
        "s:122:4:126:Infinity": 14,
        "b:130:2:134:Infinity:undefined:undefined:undefined:undefined": 1,
        "s:130:2:134:Infinity": 15,
        "s:131:4:133:Infinity": 16,
        "s:132:6:132:Infinity": 17,
        "b:136:2:149:Infinity:undefined:undefined:undefined:undefined": 2,
        "s:136:2:149:Infinity": 18,
        "s:137:18:137:Infinity": 19,
        "s:139:4:147:Infinity": 20,
        "s:140:39:140:Infinity": 21,
        "b:141:6:144:Infinity:undefined:undefined:undefined:undefined": 3,
        "s:141:6:144:Infinity": 22,
        "s:142:8:142:Infinity": 23,
        "b:142:18:142:34:142:34:142:Infinity": 4,
        "s:143:8:143:Infinity": 24,
        "s:148:4:148:Infinity": 25,
        "s:151:24:151:Infinity": 26,
        "b:154:2:156:Infinity:undefined:undefined:undefined:undefined": 5,
        "s:154:2:156:Infinity": 27,
        "b:154:6:154:23:154:23:154:51:154:51:154:67": 6,
        "s:155:4:155:Infinity": 28,
        "s:158:2:158:Infinity": 29,
        "f:171:22:171:32": 4,
        "s:172:2:172:Infinity": 30,
        "f:181:22:181:Infinity": 5,
        "s:186:2:190:Infinity": 31,
        "f:199:22:199:Infinity": 6,
        "s:204:2:208:Infinity": 32,
        "f:217:22:217:Infinity": 7,
        "s:221:2:221:Infinity": 33
      }
    }
  },
  "F:\\PROYECTOS\\_DESARROLLO_WEB\\260113_-_portfolio_alexzapata_dev\\portfolio_alexzapata_dev\\portfolio_frontend\\src\\services\\api\\cv.service.ts": {
    "path": "F:\\PROYECTOS\\_DESARROLLO_WEB\\260113_-_portfolio_alexzapata_dev\\portfolio_alexzapata_dev\\portfolio_frontend\\src\\services\\api\\cv.service.ts",
    "statementMap": {
      "0": { "start": { "line": 6, "column": 2 }, "end": { "line": 6, "column": null } },
      "1": { "start": { "line": 10, "column": 14 }, "end": { "line": 10, "column": null } },
      "2": { "start": { "line": 11, "column": 2 }, "end": { "line": 13, "column": null } },
      "3": { "start": { "line": 12, "column": 4 }, "end": { "line": 12, "column": null } },
      "4": { "start": { "line": 14, "column": 2 }, "end": { "line": 14, "column": null } }
    },
    "fnMap": {
      "0": {
        "name": "getCVComplete",
        "decl": { "start": { "line": 5, "column": 22 }, "end": { "line": 5, "column": 59 } },
        "loc": { "start": { "line": 5, "column": 59 }, "end": { "line": 7, "column": null } },
        "line": 5
      },
      "1": {
        "name": "downloadCV",
        "decl": { "start": { "line": 9, "column": 22 }, "end": { "line": 9, "column": 50 } },
        "loc": { "start": { "line": 9, "column": 50 }, "end": { "line": 15, "column": null } },
        "line": 9
      }
    },
    "branchMap": {
      "0": {
        "loc": { "start": { "line": 11, "column": 2 }, "end": { "line": 13, "column": null } },
        "type": "if",
        "locations": [
          { "start": { "line": 11, "column": 2 }, "end": { "line": 13, "column": null } },
          { "start": {}, "end": {} }
        ],
        "line": 11
      }
    },
    "s": { "0": 0, "1": 0, "2": 0, "3": 0, "4": 0 },
    "f": { "0": 0, "1": 0 },
    "b": { "0": [0, 0] },
    "meta": {
      "lastBranch": 1,
      "lastFunction": 2,
      "lastStatement": 5,
      "seen": {
        "f:5:22:5:59": 0,
        "s:6:2:6:Infinity": 0,
        "f:9:22:9:50": 1,
        "s:10:14:10:Infinity": 1,
        "b:11:2:13:Infinity:undefined:undefined:undefined:undefined": 0,
        "s:11:2:13:Infinity": 2,
        "s:12:4:12:Infinity": 3,
        "s:14:2:14:Infinity": 4
      }
    }
  },
  "F:\\PROYECTOS\\_DESARROLLO_WEB\\260113_-_portfolio_alexzapata_dev\\portfolio_alexzapata_dev\\portfolio_frontend\\src\\services\\api\\profile.service.ts": {
    "path": "F:\\PROYECTOS\\_DESARROLLO_WEB\\260113_-_portfolio_alexzapata_dev\\portfolio_alexzapata_dev\\portfolio_frontend\\src\\services\\api\\profile.service.ts",
    "statementMap": {
      "0": { "start": { "line": 5, "column": 2 }, "end": { "line": 5, "column": null } },
      "1": { "start": { "line": 9, "column": 2 }, "end": { "line": 9, "column": null } },
      "2": { "start": { "line": 13, "column": 2 }, "end": { "line": 13, "column": null } }
    },
    "fnMap": {
      "0": {
        "name": "getProfile",
        "decl": { "start": { "line": 4, "column": 22 }, "end": { "line": 4, "column": 53 } },
        "loc": { "start": { "line": 4, "column": 53 }, "end": { "line": 6, "column": null } },
        "line": 4
      },
      "1": {
        "name": "getContactInfo",
        "decl": { "start": { "line": 8, "column": 22 }, "end": { "line": 8, "column": 68 } },
        "loc": { "start": { "line": 8, "column": 68 }, "end": { "line": 10, "column": null } },
        "line": 8
      },
      "2": {
        "name": "getSocialNetworks",
        "decl": { "start": { "line": 12, "column": 22 }, "end": { "line": 12, "column": 68 } },
        "loc": { "start": { "line": 12, "column": 68 }, "end": { "line": 14, "column": null } },
        "line": 12
      }
    },
    "branchMap": {},
    "s": { "0": 0, "1": 0, "2": 0 },
    "f": { "0": 0, "1": 0, "2": 0 },
    "b": {},
    "meta": {
      "lastBranch": 0,
      "lastFunction": 3,
      "lastStatement": 3,
      "seen": {
        "f:4:22:4:53": 0,
        "s:5:2:5:Infinity": 0,
        "f:8:22:8:68": 1,
        "s:9:2:9:Infinity": 1,
        "f:12:22:12:68": 2,
        "s:13:2:13:Infinity": 2
      }
    }
  },
  "F:\\PROYECTOS\\_DESARROLLO_WEB\\260113_-_portfolio_alexzapata_dev\\portfolio_alexzapata_dev\\portfolio_frontend\\src\\types\\api.types.ts": {
    "path": "F:\\PROYECTOS\\_DESARROLLO_WEB\\260113_-_portfolio_alexzapata_dev\\portfolio_alexzapata_dev\\portfolio_frontend\\src\\types\\api.types.ts",
    "statementMap": {},
    "fnMap": {},
    "branchMap": {},
    "s": {},
    "f": {},
    "b": {},
    "meta": { "lastBranch": 0, "lastFunction": 0, "lastStatement": 0, "seen": {} }
  },
  "F:\\PROYECTOS\\_DESARROLLO_WEB\\260113_-_portfolio_alexzapata_dev\\portfolio_alexzapata_dev\\portfolio_frontend\\src\\types\\common.types.ts": {
    "path": "F:\\PROYECTOS\\_DESARROLLO_WEB\\260113_-_portfolio_alexzapata_dev\\portfolio_alexzapata_dev\\portfolio_frontend\\src\\types\\common.types.ts",
    "statementMap": {},
    "fnMap": {},
    "branchMap": {},
    "s": {},
    "f": {},
    "b": {},
    "meta": { "lastBranch": 0, "lastFunction": 0, "lastStatement": 0, "seen": {} }
  },
  "F:\\PROYECTOS\\_DESARROLLO_WEB\\260113_-_portfolio_alexzapata_dev\\portfolio_alexzapata_dev\\portfolio_frontend\\src\\types\\cv.types.ts": {
    "path": "F:\\PROYECTOS\\_DESARROLLO_WEB\\260113_-_portfolio_alexzapata_dev\\portfolio_alexzapata_dev\\portfolio_frontend\\src\\types\\cv.types.ts",
    "statementMap": {},
    "fnMap": {},
    "branchMap": {},
    "s": {},
    "f": {},
    "b": {},
    "meta": { "lastBranch": 0, "lastFunction": 0, "lastStatement": 0, "seen": {} }
  },
  "F:\\PROYECTOS\\_DESARROLLO_WEB\\260113_-_portfolio_alexzapata_dev\\portfolio_alexzapata_dev\\portfolio_frontend\\src\\utils\\date.utils.ts": {
    "path": "F:\\PROYECTOS\\_DESARROLLO_WEB\\260113_-_portfolio_alexzapata_dev\\portfolio_alexzapata_dev\\portfolio_frontend\\src\\utils\\date.utils.ts",
    "statementMap": {
      "0": { "start": { "line": 10, "column": 16 }, "end": { "line": 10, "column": null } },
      "1": { "start": { "line": 11, "column": 14 }, "end": { "line": 11, "column": null } },
      "2": { "start": { "line": 12, "column": 15 }, "end": { "line": 12, "column": null } },
      "3": { "start": { "line": 13, "column": 20 }, "end": { "line": 13, "column": null } },
      "4": { "start": { "line": 14, "column": 2 }, "end": { "line": 16, "column": null } },
      "5": { "start": { "line": 15, "column": 4 }, "end": { "line": 15, "column": null } },
      "6": { "start": { "line": 17, "column": 2 }, "end": { "line": 17, "column": null } },
      "7": { "start": { "line": 24, "column": 2 }, "end": { "line": 24, "column": null } },
      "8": { "start": { "line": 31, "column": 2 }, "end": { "line": 31, "column": null } },
      "9": { "start": { "line": 38, "column": 2 }, "end": { "line": 41, "column": null } }
    },
    "fnMap": {
      "0": {
        "name": "yearsSince",
        "decl": { "start": { "line": 9, "column": 16 }, "end": { "line": 9, "column": 27 } },
        "loc": { "start": { "line": 9, "column": 79 }, "end": { "line": 18, "column": null } },
        "line": 9
      },
      "1": {
        "name": "isExpired",
        "decl": { "start": { "line": 23, "column": 16 }, "end": { "line": 23, "column": 26 } },
        "loc": { "start": { "line": 23, "column": 52 }, "end": { "line": 25, "column": null } },
        "line": 23
      },
      "2": {
        "name": "formatYear",
        "decl": { "start": { "line": 30, "column": 16 }, "end": { "line": 30, "column": 27 } },
        "loc": { "start": { "line": 30, "column": 52 }, "end": { "line": 32, "column": null } },
        "line": 30
      },
      "3": {
        "name": "formatMonthYear",
        "decl": { "start": { "line": 37, "column": 16 }, "end": { "line": 37, "column": 32 } },
        "loc": { "start": { "line": 37, "column": 57 }, "end": { "line": 42, "column": null } },
        "line": 37
      }
    },
    "branchMap": {
      "0": {
        "loc": { "start": { "line": 11, "column": 14 }, "end": { "line": 11, "column": null } },
        "type": "cond-expr",
        "locations": [
          { "start": { "line": 11, "column": 24 }, "end": { "line": 11, "column": 44 } },
          { "start": { "line": 11, "column": 44 }, "end": { "line": 11, "column": null } }
        ],
        "line": 11
      },
      "1": {
        "loc": { "start": { "line": 14, "column": 2 }, "end": { "line": 16, "column": null } },
        "type": "if",
        "locations": [
          { "start": { "line": 14, "column": 2 }, "end": { "line": 16, "column": null } },
          { "start": {}, "end": {} }
        ],
        "line": 14
      },
      "2": {
        "loc": { "start": { "line": 14, "column": 6 }, "end": { "line": 14, "column": 77 } },
        "type": "binary-expr",
        "locations": [
          { "start": { "line": 14, "column": 6 }, "end": { "line": 14, "column": 24 } },
          { "start": { "line": 14, "column": 24 }, "end": { "line": 14, "column": 43 } },
          { "start": { "line": 14, "column": 43 }, "end": { "line": 14, "column": 77 } }
        ],
        "line": 14
      }
    },
    "s": { "0": 0, "1": 0, "2": 0, "3": 0, "4": 0, "5": 0, "6": 0, "7": 0, "8": 0, "9": 0 },
    "f": { "0": 0, "1": 0, "2": 0, "3": 0 },
    "b": { "0": [0, 0], "1": [0, 0], "2": [0, 0, 0] },
    "meta": {
      "lastBranch": 3,
      "lastFunction": 4,
      "lastStatement": 10,
      "seen": {
        "f:9:16:9:27": 0,
        "s:10:16:10:Infinity": 0,
        "s:11:14:11:Infinity": 1,
        "b:11:24:11:44:11:44:11:Infinity": 0,
        "s:12:15:12:Infinity": 2,
        "s:13:20:13:Infinity": 3,
        "b:14:2:16:Infinity:undefined:undefined:undefined:undefined": 1,
        "s:14:2:16:Infinity": 4,
        "b:14:6:14:24:14:24:14:43:14:43:14:77": 2,
        "s:15:4:15:Infinity": 5,
        "s:17:2:17:Infinity": 6,
        "f:23:16:23:26": 1,
        "s:24:2:24:Infinity": 7,
        "f:30:16:30:27": 2,
        "s:31:2:31:Infinity": 8,
        "f:37:16:37:32": 3,
        "s:38:2:41:Infinity": 9
      }
    }
  },
  "F:\\PROYECTOS\\_DESARROLLO_WEB\\260113_-_portfolio_alexzapata_dev\\portfolio_alexzapata_dev\\portfolio_frontend\\src\\utils\\error-handler.ts": {
    "path": "F:\\PROYECTOS\\_DESARROLLO_WEB\\260113_-_portfolio_alexzapata_dev\\portfolio_alexzapata_dev\\portfolio_frontend\\src\\utils\\error-handler.ts",
    "statementMap": {
      "0": { "start": { "line": 8, "column": 2 }, "end": { "line": 19, "column": null } },
      "1": { "start": { "line": 9, "column": 4 }, "end": { "line": 11, "column": null } },
      "2": { "start": { "line": 10, "column": 6 }, "end": { "line": 10, "column": null } },
      "3": { "start": { "line": 12, "column": 4 }, "end": { "line": 14, "column": null } },
      "4": { "start": { "line": 13, "column": 6 }, "end": { "line": 13, "column": null } },
      "5": { "start": { "line": 15, "column": 4 }, "end": { "line": 17, "column": null } },
      "6": { "start": { "line": 16, "column": 6 }, "end": { "line": 16, "column": null } },
      "7": { "start": { "line": 18, "column": 4 }, "end": { "line": 18, "column": null } },
      "8": { "start": { "line": 21, "column": 2 }, "end": { "line": 23, "column": null } },
      "9": { "start": { "line": 22, "column": 4 }, "end": { "line": 22, "column": null } },
      "10": { "start": { "line": 25, "column": 2 }, "end": { "line": 25, "column": null } },
      "11": { "start": { "line": 33, "column": 2 }, "end": { "line": 35, "column": null } },
      "12": { "start": { "line": 34, "column": 4 }, "end": { "line": 34, "column": null } },
      "13": { "start": { "line": 36, "column": 2 }, "end": { "line": 36, "column": null } }
    },
    "fnMap": {
      "0": {
        "name": "getErrorMessage",
        "decl": { "start": { "line": 7, "column": 16 }, "end": { "line": 7, "column": 32 } },
        "loc": { "start": { "line": 7, "column": 54 }, "end": { "line": 26, "column": null } },
        "line": 7
      },
      "1": {
        "name": "isRetryableError",
        "decl": { "start": { "line": 32, "column": 16 }, "end": { "line": 32, "column": 33 } },
        "loc": { "start": { "line": 32, "column": 56 }, "end": { "line": 37, "column": null } },
        "line": 32
      }
    },
    "branchMap": {
      "0": {
        "loc": { "start": { "line": 8, "column": 2 }, "end": { "line": 19, "column": null } },
        "type": "if",
        "locations": [
          { "start": { "line": 8, "column": 2 }, "end": { "line": 19, "column": null } },
          { "start": {}, "end": {} }
        ],
        "line": 8
      },
      "1": {
        "loc": { "start": { "line": 9, "column": 4 }, "end": { "line": 11, "column": null } },
        "type": "if",
        "locations": [
          { "start": { "line": 9, "column": 4 }, "end": { "line": 11, "column": null } },
          { "start": {}, "end": {} }
        ],
        "line": 9
      },
      "2": {
        "loc": { "start": { "line": 12, "column": 4 }, "end": { "line": 14, "column": null } },
        "type": "if",
        "locations": [
          { "start": { "line": 12, "column": 4 }, "end": { "line": 14, "column": null } },
          { "start": {}, "end": {} }
        ],
        "line": 12
      },
      "3": {
        "loc": { "start": { "line": 15, "column": 4 }, "end": { "line": 17, "column": null } },
        "type": "if",
        "locations": [
          { "start": { "line": 15, "column": 4 }, "end": { "line": 17, "column": null } },
          { "start": {}, "end": {} }
        ],
        "line": 15
      },
      "4": {
        "loc": { "start": { "line": 21, "column": 2 }, "end": { "line": 23, "column": null } },
        "type": "if",
        "locations": [
          { "start": { "line": 21, "column": 2 }, "end": { "line": 23, "column": null } },
          { "start": {}, "end": {} }
        ],
        "line": 21
      },
      "5": {
        "loc": { "start": { "line": 33, "column": 2 }, "end": { "line": 35, "column": null } },
        "type": "if",
        "locations": [
          { "start": { "line": 33, "column": 2 }, "end": { "line": 35, "column": null } },
          { "start": {}, "end": {} }
        ],
        "line": 33
      },
      "6": {
        "loc": { "start": { "line": 34, "column": 11 }, "end": { "line": 34, "column": null } },
        "type": "binary-expr",
        "locations": [
          { "start": { "line": 34, "column": 11 }, "end": { "line": 34, "column": 32 } },
          { "start": { "line": 34, "column": 32 }, "end": { "line": 34, "column": null } }
        ],
        "line": 34
      }
    },
    "s": {
      "0": 0,
      "1": 0,
      "2": 0,
      "3": 0,
      "4": 0,
      "5": 0,
      "6": 0,
      "7": 0,
      "8": 0,
      "9": 0,
      "10": 0,
      "11": 0,
      "12": 0,
      "13": 0
    },
    "f": { "0": 0, "1": 0 },
    "b": {
      "0": [0, 0],
      "1": [0, 0],
      "2": [0, 0],
      "3": [0, 0],
      "4": [0, 0],
      "5": [0, 0],
      "6": [0, 0]
    },
    "meta": {
      "lastBranch": 7,
      "lastFunction": 2,
      "lastStatement": 14,
      "seen": {
        "f:7:16:7:32": 0,
        "b:8:2:19:Infinity:undefined:undefined:undefined:undefined": 0,
        "s:8:2:19:Infinity": 0,
        "b:9:4:11:Infinity:undefined:undefined:undefined:undefined": 1,
        "s:9:4:11:Infinity": 1,
        "s:10:6:10:Infinity": 2,
        "b:12:4:14:Infinity:undefined:undefined:undefined:undefined": 2,
        "s:12:4:14:Infinity": 3,
        "s:13:6:13:Infinity": 4,
        "b:15:4:17:Infinity:undefined:undefined:undefined:undefined": 3,
        "s:15:4:17:Infinity": 5,
        "s:16:6:16:Infinity": 6,
        "s:18:4:18:Infinity": 7,
        "b:21:2:23:Infinity:undefined:undefined:undefined:undefined": 4,
        "s:21:2:23:Infinity": 8,
        "s:22:4:22:Infinity": 9,
        "s:25:2:25:Infinity": 10,
        "f:32:16:32:33": 1,
        "b:33:2:35:Infinity:undefined:undefined:undefined:undefined": 5,
        "s:33:2:35:Infinity": 11,
        "s:34:4:34:Infinity": 12,
        "b:34:11:34:32:34:32:34:Infinity": 6,
        "s:36:2:36:Infinity": 13
      }
    }
  },
  "F:\\PROYECTOS\\_DESARROLLO_WEB\\260113_-_portfolio_alexzapata_dev\\portfolio_alexzapata_dev\\portfolio_frontend\\src\\utils\\formatters.ts": {
    "path": "F:\\PROYECTOS\\_DESARROLLO_WEB\\260113_-_portfolio_alexzapata_dev\\portfolio_alexzapata_dev\\portfolio_frontend\\src\\utils\\formatters.ts",
    "statementMap": {
      "0": { "start": { "line": 2, "column": 2 }, "end": { "line": 5, "column": null } },
      "1": { "start": { "line": 9, "column": 19 }, "end": { "line": 9, "column": null } },
      "2": { "start": { "line": 10, "column": 2 }, "end": { "line": 10, "column": null } },
      "3": { "start": { "line": 10, "column": 25 }, "end": { "line": 10, "column": null } },
      "4": { "start": { "line": 11, "column": 2 }, "end": { "line": 11, "column": null } }
    },
    "fnMap": {
      "0": {
        "name": "formatDate",
        "decl": { "start": { "line": 1, "column": 16 }, "end": { "line": 1, "column": 27 } },
        "loc": { "start": { "line": 1, "column": 52 }, "end": { "line": 6, "column": null } },
        "line": 1
      },
      "1": {
        "name": "formatDateRange",
        "decl": { "start": { "line": 8, "column": 16 }, "end": { "line": 8, "column": 32 } },
        "loc": { "start": { "line": 8, "column": 95 }, "end": { "line": 12, "column": null } },
        "line": 8
      }
    },
    "branchMap": {
      "0": {
        "loc": { "start": { "line": 10, "column": 2 }, "end": { "line": 10, "column": null } },
        "type": "if",
        "locations": [
          { "start": { "line": 10, "column": 2 }, "end": { "line": 10, "column": null } },
          { "start": {}, "end": {} }
        ],
        "line": 10
      },
      "1": {
        "loc": { "start": { "line": 10, "column": 6 }, "end": { "line": 10, "column": 25 } },
        "type": "binary-expr",
        "locations": [
          { "start": { "line": 10, "column": 6 }, "end": { "line": 10, "column": 19 } },
          { "start": { "line": 10, "column": 19 }, "end": { "line": 10, "column": 25 } }
        ],
        "line": 10
      }
    },
    "s": { "0": 0, "1": 0, "2": 0, "3": 0, "4": 0 },
    "f": { "0": 0, "1": 0 },
    "b": { "0": [0, 0], "1": [0, 0] },
    "meta": {
      "lastBranch": 2,
      "lastFunction": 2,
      "lastStatement": 5,
      "seen": {
        "f:1:16:1:27": 0,
        "s:2:2:5:Infinity": 0,
        "f:8:16:8:32": 1,
        "s:9:19:9:Infinity": 1,
        "b:10:2:10:Infinity:undefined:undefined:undefined:undefined": 0,
        "s:10:2:10:Infinity": 2,
        "b:10:6:10:19:10:19:10:25": 1,
        "s:10:25:10:Infinity": 3,
        "s:11:2:11:Infinity": 4
      }
    }
  },
  "F:\\PROYECTOS\\_DESARROLLO_WEB\\260113_-_portfolio_alexzapata_dev\\portfolio_alexzapata_dev\\portfolio_frontend\\src\\utils\\validators.ts": {
    "path": "F:\\PROYECTOS\\_DESARROLLO_WEB\\260113_-_portfolio_alexzapata_dev\\portfolio_alexzapata_dev\\portfolio_frontend\\src\\utils\\validators.ts",
    "statementMap": {
      "0": { "start": { "line": 4, "column": 17 }, "end": { "line": 4, "column": null } },
      "1": { "start": { "line": 5, "column": 17 }, "end": { "line": 5, "column": null } },
      "2": { "start": { "line": 6, "column": 20 }, "end": { "line": 6, "column": null } },
      "3": { "start": { "line": 7, "column": 20 }, "end": { "line": 7, "column": null } },
      "4": { "start": { "line": 12, "column": 2 }, "end": { "line": 12, "column": null } },
      "5": { "start": { "line": 25, "column": 2 }, "end": { "line": 25, "column": null } },
      "6": { "start": { "line": 29, "column": 18 }, "end": { "line": 29, "column": null } },
      "7": { "start": { "line": 30, "column": 2 }, "end": { "line": 30, "column": null } },
      "8": { "start": { "line": 34, "column": 18 }, "end": { "line": 34, "column": null } },
      "9": { "start": { "line": 35, "column": 2 }, "end": { "line": 35, "column": null } },
      "10": { "start": { "line": 39, "column": 36 }, "end": { "line": 39, "column": null } },
      "11": { "start": { "line": 41, "column": 2 }, "end": { "line": 46, "column": null } },
      "12": { "start": { "line": 42, "column": 4 }, "end": { "line": 45, "column": null } },
      "13": { "start": { "line": 48, "column": 2 }, "end": { "line": 53, "column": null } },
      "14": { "start": { "line": 49, "column": 4 }, "end": { "line": 52, "column": null } },
      "15": { "start": { "line": 55, "column": 2 }, "end": { "line": 60, "column": null } },
      "16": { "start": { "line": 56, "column": 4 }, "end": { "line": 59, "column": null } },
      "17": { "start": { "line": 62, "column": 2 }, "end": { "line": 62, "column": null } },
      "18": { "start": { "line": 66, "column": 2 }, "end": { "line": 66, "column": null } },
      "19": { "start": { "line": 70, "column": 2 }, "end": { "line": 70, "column": null } }
    },
    "fnMap": {
      "0": {
        "name": "isValidEmail",
        "decl": { "start": { "line": 24, "column": 16 }, "end": { "line": 24, "column": 29 } },
        "loc": { "start": { "line": 24, "column": 53 }, "end": { "line": 26, "column": null } },
        "line": 24
      },
      "1": {
        "name": "isValidName",
        "decl": { "start": { "line": 28, "column": 16 }, "end": { "line": 28, "column": 28 } },
        "loc": { "start": { "line": 28, "column": 51 }, "end": { "line": 31, "column": null } },
        "line": 28
      },
      "2": {
        "name": "isValidMessage",
        "decl": { "start": { "line": 33, "column": 16 }, "end": { "line": 33, "column": 31 } },
        "loc": { "start": { "line": 33, "column": 57 }, "end": { "line": 36, "column": null } },
        "line": 33
      },
      "3": {
        "name": "validateContactForm",
        "decl": { "start": { "line": 38, "column": 16 }, "end": { "line": 38, "column": 36 } },
        "loc": { "start": { "line": 38, "column": 77 }, "end": { "line": 63, "column": null } },
        "line": 38
      },
      "4": {
        "name": "isApiSuccess",
        "decl": { "start": { "line": 65, "column": 16 }, "end": { "line": 65, "column": 32 } },
        "loc": { "start": { "line": 65, "column": 85 }, "end": { "line": 67, "column": null } },
        "line": 65
      },
      "5": {
        "name": "isApiError",
        "decl": { "start": { "line": 69, "column": 16 }, "end": { "line": 69, "column": 27 } },
        "loc": { "start": { "line": 69, "column": 81 }, "end": { "line": 71, "column": null } },
        "line": 69
      }
    },
    "branchMap": {
      "0": {
        "loc": { "start": { "line": 30, "column": 9 }, "end": { "line": 30, "column": null } },
        "type": "binary-expr",
        "locations": [
          { "start": { "line": 30, "column": 9 }, "end": { "line": 30, "column": 39 } },
          { "start": { "line": 30, "column": 39 }, "end": { "line": 30, "column": null } }
        ],
        "line": 30
      },
      "1": {
        "loc": { "start": { "line": 35, "column": 9 }, "end": { "line": 35, "column": null } },
        "type": "binary-expr",
        "locations": [
          { "start": { "line": 35, "column": 9 }, "end": { "line": 35, "column": 42 } },
          { "start": { "line": 35, "column": 42 }, "end": { "line": 35, "column": null } }
        ],
        "line": 35
      },
      "2": {
        "loc": { "start": { "line": 41, "column": 2 }, "end": { "line": 46, "column": null } },
        "type": "if",
        "locations": [
          { "start": { "line": 41, "column": 2 }, "end": { "line": 46, "column": null } },
          { "start": {}, "end": {} }
        ],
        "line": 41
      },
      "3": {
        "loc": { "start": { "line": 48, "column": 2 }, "end": { "line": 53, "column": null } },
        "type": "if",
        "locations": [
          { "start": { "line": 48, "column": 2 }, "end": { "line": 53, "column": null } },
          { "start": {}, "end": {} }
        ],
        "line": 48
      },
      "4": {
        "loc": { "start": { "line": 55, "column": 2 }, "end": { "line": 60, "column": null } },
        "type": "if",
        "locations": [
          { "start": { "line": 55, "column": 2 }, "end": { "line": 60, "column": null } },
          { "start": {}, "end": {} }
        ],
        "line": 55
      }
    },
    "s": {
      "0": 0,
      "1": 0,
      "2": 0,
      "3": 0,
      "4": 0,
      "5": 0,
      "6": 0,
      "7": 0,
      "8": 0,
      "9": 0,
      "10": 0,
      "11": 0,
      "12": 0,
      "13": 0,
      "14": 0,
      "15": 0,
      "16": 0,
      "17": 0,
      "18": 0,
      "19": 0
    },
    "f": { "0": 0, "1": 0, "2": 0, "3": 0, "4": 0, "5": 0 },
    "b": { "0": [0, 0], "1": [0, 0], "2": [0, 0], "3": [0, 0], "4": [0, 0] },
    "meta": {
      "lastBranch": 5,
      "lastFunction": 6,
      "lastStatement": 20,
      "seen": {
        "s:4:17:4:Infinity": 0,
        "s:5:17:5:Infinity": 1,
        "s:6:20:6:Infinity": 2,
        "s:7:20:7:Infinity": 3,
        "s:12:2:12:Infinity": 4,
        "f:24:16:24:29": 0,
        "s:25:2:25:Infinity": 5,
        "f:28:16:28:28": 1,
        "s:29:18:29:Infinity": 6,
        "s:30:2:30:Infinity": 7,
        "b:30:9:30:39:30:39:30:Infinity": 0,
        "f:33:16:33:31": 2,
        "s:34:18:34:Infinity": 8,
        "s:35:2:35:Infinity": 9,
        "b:35:9:35:42:35:42:35:Infinity": 1,
        "f:38:16:38:36": 3,
        "s:39:36:39:Infinity": 10,
        "b:41:2:46:Infinity:undefined:undefined:undefined:undefined": 2,
        "s:41:2:46:Infinity": 11,
        "s:42:4:45:Infinity": 12,
        "b:48:2:53:Infinity:undefined:undefined:undefined:undefined": 3,
        "s:48:2:53:Infinity": 13,
        "s:49:4:52:Infinity": 14,
        "b:55:2:60:Infinity:undefined:undefined:undefined:undefined": 4,
        "s:55:2:60:Infinity": 15,
        "s:56:4:59:Infinity": 16,
        "s:62:2:62:Infinity": 17,
        "f:65:16:65:32": 4,
        "s:66:2:66:Infinity": 18,
        "f:69:16:69:27": 5,
        "s:70:2:70:Infinity": 19
      }
    }
  }
}
