{
  "F:\\PROYECTOS\\_DESARROLLO_WEB\\260113_-_portfolio_alexzapata_dev\\portfolio_alexzapata_dev\\portfolio_frontend\\src\\config\\constants.ts": {
    "path": "F:\\PROYECTOS\\_DESARROLLO_WEB\\260113_-_portfolio_alexzapata_dev\\portfolio_alexzapata_dev\\portfolio_frontend\\src\\config\\constants.ts",
    "statementMap": {
      "0": { "start": { "line": 1, "column": 23 }, "end": { "line": 1, "column": null } },
      "1": { "start": { "line": 3, "column": 22 }, "end": { "line": 7, "column": null } }
    },
    "fnMap": {},
    "branchMap": {},
    "s": { "0": 0, "1": 0 },
    "f": {},
    "b": {},
    "meta": {
      "lastBranch": 0,
      "lastFunction": 0,
      "lastStatement": 2,
      "seen": { "s:1:23:1:Infinity": 0, "s:3:22:7:Infinity": 1 }
    }
  },
  "F:\\PROYECTOS\\_DESARROLLO_WEB\\260113_-_portfolio_alexzapata_dev\\portfolio_alexzapata_dev\\portfolio_frontend\\src\\config\\seo.ts": {
    "path": "F:\\PROYECTOS\\_DESARROLLO_WEB\\260113_-_portfolio_alexzapata_dev\\portfolio_alexzapata_dev\\portfolio_frontend\\src\\config\\seo.ts",
    "statementMap": {
      "0": { "start": { "line": 10, "column": 38 }, "end": { "line": 15, "column": null } },
      "1": { "start": { "line": 17, "column": 50 }, "end": { "line": 31, "column": null } }
    },
    "fnMap": {},
    "branchMap": {},
    "s": { "0": 0, "1": 0 },
    "f": {},
    "b": {},
    "meta": {
      "lastBranch": 0,
      "lastFunction": 0,
      "lastStatement": 2,
      "seen": { "s:10:38:15:Infinity": 0, "s:17:50:31:Infinity": 1 }
    }
  },
  "F:\\PROYECTOS\\_DESARROLLO_WEB\\260113_-_portfolio_alexzapata_dev\\portfolio_alexzapata_dev\\portfolio_frontend\\src\\config\\site.ts": {
    "path": "F:\\PROYECTOS\\_DESARROLLO_WEB\\260113_-_portfolio_alexzapata_dev\\portfolio_alexzapata_dev\\portfolio_frontend\\src\\config\\site.ts",
    "statementMap": {
      "0": { "start": { "line": 1, "column": 20 }, "end": { "line": 8, "column": null } }
    },
    "fnMap": {},
    "branchMap": {},
    "s": { "0": 0 },
    "f": {},
    "b": {},
    "meta": {
      "lastBranch": 0,
      "lastFunction": 0,
      "lastStatement": 1,
      "seen": { "s:1:20:8:Infinity": 0 }
    }
  },
  "F:\\PROYECTOS\\_DESARROLLO_WEB\\260113_-_portfolio_alexzapata_dev\\portfolio_alexzapata_dev\\portfolio_frontend\\src\\services\\api\\base.service.ts": {
    "path": "F:\\PROYECTOS\\_DESARROLLO_WEB\\260113_-_portfolio_alexzapata_dev\\portfolio_alexzapata_dev\\portfolio_frontend\\src\\services\\api\\base.service.ts",
    "statementMap": {
      "0": { "start": { "line": 10, "column": 4 }, "end": { "line": 10, "column": null } },
      "1": { "start": { "line": 6, "column": 20 }, "end": { "line": 6, "column": null } },
      "2": { "start": { "line": 8, "column": 20 }, "end": { "line": 8, "column": null } },
      "3": { "start": { "line": 11, "column": 4 }, "end": { "line": 11, "column": null } },
      "4": { "start": { "line": 16, "column": 14 }, "end": { "line": 16, "column": null } },
      "5": { "start": { "line": 18, "column": 2 }, "end": { "line": 30, "column": null } },
      "6": { "start": { "line": 19, "column": 4 }, "end": { "line": 22, "column": null } },
      "7": { "start": { "line": 25, "column": 4 }, "end": { "line": 29, "column": null } },
      "8": { "start": { "line": 32, "column": 2 }, "end": { "line": 45, "column": null } },
      "9": { "start": { "line": 33, "column": 18 }, "end": { "line": 33, "column": null } },
      "10": { "start": { "line": 35, "column": 4 }, "end": { "line": 43, "column": null } },
      "11": { "start": { "line": 36, "column": 39 }, "end": { "line": 36, "column": null } },
      "12": { "start": { "line": 37, "column": 6 }, "end": { "line": 40, "column": null } },
      "13": { "start": { "line": 38, "column": 8 }, "end": { "line": 38, "column": null } },
      "14": { "start": { "line": 39, "column": 8 }, "end": { "line": 39, "column": null } },
      "15": { "start": { "line": 44, "column": 4 }, "end": { "line": 44, "column": null } },
      "16": { "start": { "line": 47, "column": 15 }, "end": { "line": 47, "column": null } },
      "17": { "start": { "line": 48, "column": 2 }, "end": { "line": 48, "column": null } }
    },
    "fnMap": {
      "0": {
        "name": "(anonymous_0)",
        "decl": { "start": { "line": 5, "column": 2 }, "end": { "line": 5, "column": null } },
        "loc": { "start": { "line": 9, "column": 4 }, "end": { "line": 12, "column": null } },
        "line": 9
      },
      "1": {
        "name": "apiFetch",
        "decl": { "start": { "line": 15, "column": 22 }, "end": { "line": 15, "column": 34 } },
        "loc": { "start": { "line": 15, "column": 80 }, "end": { "line": 49, "column": null } },
        "line": 15
      }
    },
    "branchMap": {
      "0": {
        "loc": { "start": { "line": 32, "column": 2 }, "end": { "line": 45, "column": null } },
        "type": "if",
        "locations": [
          { "start": { "line": 32, "column": 2 }, "end": { "line": 45, "column": null } },
          { "start": {}, "end": {} }
        ],
        "line": 32
      },
      "1": {
        "loc": { "start": { "line": 37, "column": 6 }, "end": { "line": 40, "column": null } },
        "type": "if",
        "locations": [
          { "start": { "line": 37, "column": 6 }, "end": { "line": 40, "column": null } },
          { "start": {}, "end": {} }
        ],
        "line": 37
      },
      "2": {
        "loc": { "start": { "line": 38, "column": 18 }, "end": { "line": 38, "column": null } },
        "type": "binary-expr",
        "locations": [
          { "start": { "line": 38, "column": 18 }, "end": { "line": 38, "column": 34 } },
          { "start": { "line": 38, "column": 34 }, "end": { "line": 38, "column": null } }
        ],
        "line": 38
      },
      "3": {
        "loc": { "start": { "line": 48, "column": 10 }, "end": { "line": 48, "column": null } },
        "type": "cond-expr",
        "locations": [
          { "start": { "line": 48, "column": 37 }, "end": { "line": 48, "column": 49 } },
          { "start": { "line": 48, "column": 49 }, "end": { "line": 48, "column": null } }
        ],
        "line": 48
      }
    },
    "s": {
      "0": 0,
      "1": 0,
      "2": 0,
      "3": 0,
      "4": 0,
      "5": 0,
      "6": 0,
      "7": 0,
      "8": 0,
      "9": 0,
      "10": 0,
      "11": 0,
      "12": 0,
      "13": 0,
      "14": 0,
      "15": 0,
      "16": 0,
      "17": 0
    },
    "f": { "0": 0, "1": 0 },
    "b": { "0": [0, 0], "1": [0, 0], "2": [0, 0], "3": [0, 0] },
    "meta": {
      "lastBranch": 4,
      "lastFunction": 2,
      "lastStatement": 18,
      "seen": {
        "f:5:2:5:Infinity": 0,
        "s:10:4:10:Infinity": 0,
        "s:6:20:6:Infinity": 1,
        "s:8:20:8:Infinity": 2,
        "s:11:4:11:Infinity": 3,
        "f:15:22:15:34": 1,
        "s:16:14:16:Infinity": 4,
        "s:18:2:30:Infinity": 5,
        "s:19:4:22:Infinity": 6,
        "s:25:4:29:Infinity": 7,
        "b:32:2:45:Infinity:undefined:undefined:undefined:undefined": 0,
        "s:32:2:45:Infinity": 8,
        "s:33:18:33:Infinity": 9,
        "s:35:4:43:Infinity": 10,
        "s:36:39:36:Infinity": 11,
        "b:37:6:40:Infinity:undefined:undefined:undefined:undefined": 1,
        "s:37:6:40:Infinity": 12,
        "s:38:8:38:Infinity": 13,
        "b:38:18:38:34:38:34:38:Infinity": 2,
        "s:39:8:39:Infinity": 14,
        "s:44:4:44:Infinity": 15,
        "s:47:15:47:Infinity": 16,
        "s:48:2:48:Infinity": 17,
        "b:48:37:48:49:48:49:48:Infinity": 3
      }
    }
  },
  "F:\\PROYECTOS\\_DESARROLLO_WEB\\260113_-_portfolio_alexzapata_dev\\portfolio_alexzapata_dev\\portfolio_frontend\\src\\services\\api\\cv.service.ts": {
    "path": "F:\\PROYECTOS\\_DESARROLLO_WEB\\260113_-_portfolio_alexzapata_dev\\portfolio_alexzapata_dev\\portfolio_frontend\\src\\services\\api\\cv.service.ts",
    "statementMap": {
      "0": { "start": { "line": 6, "column": 2 }, "end": { "line": 6, "column": null } },
      "1": { "start": { "line": 10, "column": 14 }, "end": { "line": 10, "column": null } },
      "2": { "start": { "line": 11, "column": 2 }, "end": { "line": 13, "column": null } },
      "3": { "start": { "line": 12, "column": 4 }, "end": { "line": 12, "column": null } },
      "4": { "start": { "line": 14, "column": 2 }, "end": { "line": 14, "column": null } }
    },
    "fnMap": {
      "0": {
        "name": "getCVComplete",
        "decl": { "start": { "line": 5, "column": 22 }, "end": { "line": 5, "column": 59 } },
        "loc": { "start": { "line": 5, "column": 59 }, "end": { "line": 7, "column": null } },
        "line": 5
      },
      "1": {
        "name": "downloadCV",
        "decl": { "start": { "line": 9, "column": 22 }, "end": { "line": 9, "column": 50 } },
        "loc": { "start": { "line": 9, "column": 50 }, "end": { "line": 15, "column": null } },
        "line": 9
      }
    },
    "branchMap": {
      "0": {
        "loc": { "start": { "line": 11, "column": 2 }, "end": { "line": 13, "column": null } },
        "type": "if",
        "locations": [
          { "start": { "line": 11, "column": 2 }, "end": { "line": 13, "column": null } },
          { "start": {}, "end": {} }
        ],
        "line": 11
      }
    },
    "s": { "0": 0, "1": 0, "2": 0, "3": 0, "4": 0 },
    "f": { "0": 0, "1": 0 },
    "b": { "0": [0, 0] },
    "meta": {
      "lastBranch": 1,
      "lastFunction": 2,
      "lastStatement": 5,
      "seen": {
        "f:5:22:5:59": 0,
        "s:6:2:6:Infinity": 0,
        "f:9:22:9:50": 1,
        "s:10:14:10:Infinity": 1,
        "b:11:2:13:Infinity:undefined:undefined:undefined:undefined": 0,
        "s:11:2:13:Infinity": 2,
        "s:12:4:12:Infinity": 3,
        "s:14:2:14:Infinity": 4
      }
    }
  },
  "F:\\PROYECTOS\\_DESARROLLO_WEB\\260113_-_portfolio_alexzapata_dev\\portfolio_alexzapata_dev\\portfolio_frontend\\src\\services\\api\\profile.service.ts": {
    "path": "F:\\PROYECTOS\\_DESARROLLO_WEB\\260113_-_portfolio_alexzapata_dev\\portfolio_alexzapata_dev\\portfolio_frontend\\src\\services\\api\\profile.service.ts",
    "statementMap": {
      "0": { "start": { "line": 5, "column": 2 }, "end": { "line": 5, "column": null } },
      "1": { "start": { "line": 9, "column": 2 }, "end": { "line": 9, "column": null } },
      "2": { "start": { "line": 13, "column": 2 }, "end": { "line": 13, "column": null } }
    },
    "fnMap": {
      "0": {
        "name": "getProfile",
        "decl": { "start": { "line": 4, "column": 22 }, "end": { "line": 4, "column": 53 } },
        "loc": { "start": { "line": 4, "column": 53 }, "end": { "line": 6, "column": null } },
        "line": 4
      },
      "1": {
        "name": "getContactInfo",
        "decl": { "start": { "line": 8, "column": 22 }, "end": { "line": 8, "column": 68 } },
        "loc": { "start": { "line": 8, "column": 68 }, "end": { "line": 10, "column": null } },
        "line": 8
      },
      "2": {
        "name": "getSocialNetworks",
        "decl": { "start": { "line": 12, "column": 22 }, "end": { "line": 12, "column": 68 } },
        "loc": { "start": { "line": 12, "column": 68 }, "end": { "line": 14, "column": null } },
        "line": 12
      }
    },
    "branchMap": {},
    "s": { "0": 0, "1": 0, "2": 0 },
    "f": { "0": 0, "1": 0, "2": 0 },
    "b": {},
    "meta": {
      "lastBranch": 0,
      "lastFunction": 3,
      "lastStatement": 3,
      "seen": {
        "f:4:22:4:53": 0,
        "s:5:2:5:Infinity": 0,
        "f:8:22:8:68": 1,
        "s:9:2:9:Infinity": 1,
        "f:12:22:12:68": 2,
        "s:13:2:13:Infinity": 2
      }
    }
  },
  "F:\\PROYECTOS\\_DESARROLLO_WEB\\260113_-_portfolio_alexzapata_dev\\portfolio_alexzapata_dev\\portfolio_frontend\\src\\types\\api.types.ts": {
    "path": "F:\\PROYECTOS\\_DESARROLLO_WEB\\260113_-_portfolio_alexzapata_dev\\portfolio_alexzapata_dev\\portfolio_frontend\\src\\types\\api.types.ts",
    "statementMap": {},
    "fnMap": {},
    "branchMap": {},
    "s": {},
    "f": {},
    "b": {},
    "meta": { "lastBranch": 0, "lastFunction": 0, "lastStatement": 0, "seen": {} }
  },
  "F:\\PROYECTOS\\_DESARROLLO_WEB\\260113_-_portfolio_alexzapata_dev\\portfolio_alexzapata_dev\\portfolio_frontend\\src\\types\\common.types.ts": {
    "path": "F:\\PROYECTOS\\_DESARROLLO_WEB\\260113_-_portfolio_alexzapata_dev\\portfolio_alexzapata_dev\\portfolio_frontend\\src\\types\\common.types.ts",
    "statementMap": {},
    "fnMap": {},
    "branchMap": {},
    "s": {},
    "f": {},
    "b": {},
    "meta": { "lastBranch": 0, "lastFunction": 0, "lastStatement": 0, "seen": {} }
  },
  "F:\\PROYECTOS\\_DESARROLLO_WEB\\260113_-_portfolio_alexzapata_dev\\portfolio_alexzapata_dev\\portfolio_frontend\\src\\types\\cv.types.ts": {
    "path": "F:\\PROYECTOS\\_DESARROLLO_WEB\\260113_-_portfolio_alexzapata_dev\\portfolio_alexzapata_dev\\portfolio_frontend\\src\\types\\cv.types.ts",
    "statementMap": {},
    "fnMap": {},
    "branchMap": {},
    "s": {},
    "f": {},
    "b": {},
    "meta": { "lastBranch": 0, "lastFunction": 0, "lastStatement": 0, "seen": {} }
  },
  "F:\\PROYECTOS\\_DESARROLLO_WEB\\260113_-_portfolio_alexzapata_dev\\portfolio_alexzapata_dev\\portfolio_frontend\\src\\utils\\date.utils.ts": {
    "path": "F:\\PROYECTOS\\_DESARROLLO_WEB\\260113_-_portfolio_alexzapata_dev\\portfolio_alexzapata_dev\\portfolio_frontend\\src\\utils\\date.utils.ts",
    "statementMap": {
      "0": { "start": { "line": 10, "column": 16 }, "end": { "line": 10, "column": null } },
      "1": { "start": { "line": 11, "column": 14 }, "end": { "line": 11, "column": null } },
      "2": { "start": { "line": 12, "column": 15 }, "end": { "line": 12, "column": null } },
      "3": { "start": { "line": 13, "column": 20 }, "end": { "line": 13, "column": null } },
      "4": { "start": { "line": 14, "column": 2 }, "end": { "line": 16, "column": null } },
      "5": { "start": { "line": 15, "column": 4 }, "end": { "line": 15, "column": null } },
      "6": { "start": { "line": 17, "column": 2 }, "end": { "line": 17, "column": null } },
      "7": { "start": { "line": 24, "column": 2 }, "end": { "line": 24, "column": null } },
      "8": { "start": { "line": 31, "column": 2 }, "end": { "line": 31, "column": null } },
      "9": { "start": { "line": 38, "column": 2 }, "end": { "line": 41, "column": null } }
    },
    "fnMap": {
      "0": {
        "name": "yearsSince",
        "decl": { "start": { "line": 9, "column": 16 }, "end": { "line": 9, "column": 27 } },
        "loc": { "start": { "line": 9, "column": 79 }, "end": { "line": 18, "column": null } },
        "line": 9
      },
      "1": {
        "name": "isExpired",
        "decl": { "start": { "line": 23, "column": 16 }, "end": { "line": 23, "column": 26 } },
        "loc": { "start": { "line": 23, "column": 52 }, "end": { "line": 25, "column": null } },
        "line": 23
      },
      "2": {
        "name": "formatYear",
        "decl": { "start": { "line": 30, "column": 16 }, "end": { "line": 30, "column": 27 } },
        "loc": { "start": { "line": 30, "column": 52 }, "end": { "line": 32, "column": null } },
        "line": 30
      },
      "3": {
        "name": "formatMonthYear",
        "decl": { "start": { "line": 37, "column": 16 }, "end": { "line": 37, "column": 32 } },
        "loc": { "start": { "line": 37, "column": 57 }, "end": { "line": 42, "column": null } },
        "line": 37
      }
    },
    "branchMap": {
      "0": {
        "loc": { "start": { "line": 11, "column": 14 }, "end": { "line": 11, "column": null } },
        "type": "cond-expr",
        "locations": [
          { "start": { "line": 11, "column": 24 }, "end": { "line": 11, "column": 44 } },
          { "start": { "line": 11, "column": 44 }, "end": { "line": 11, "column": null } }
        ],
        "line": 11
      },
      "1": {
        "loc": { "start": { "line": 14, "column": 2 }, "end": { "line": 16, "column": null } },
        "type": "if",
        "locations": [
          { "start": { "line": 14, "column": 2 }, "end": { "line": 16, "column": null } },
          { "start": {}, "end": {} }
        ],
        "line": 14
      },
      "2": {
        "loc": { "start": { "line": 14, "column": 6 }, "end": { "line": 14, "column": 77 } },
        "type": "binary-expr",
        "locations": [
          { "start": { "line": 14, "column": 6 }, "end": { "line": 14, "column": 24 } },
          { "start": { "line": 14, "column": 24 }, "end": { "line": 14, "column": 43 } },
          { "start": { "line": 14, "column": 43 }, "end": { "line": 14, "column": 77 } }
        ],
        "line": 14
      }
    },
    "s": { "0": 0, "1": 0, "2": 0, "3": 0, "4": 0, "5": 0, "6": 0, "7": 0, "8": 0, "9": 0 },
    "f": { "0": 0, "1": 0, "2": 0, "3": 0 },
    "b": { "0": [0, 0], "1": [0, 0], "2": [0, 0, 0] },
    "meta": {
      "lastBranch": 3,
      "lastFunction": 4,
      "lastStatement": 10,
      "seen": {
        "f:9:16:9:27": 0,
        "s:10:16:10:Infinity": 0,
        "s:11:14:11:Infinity": 1,
        "b:11:24:11:44:11:44:11:Infinity": 0,
        "s:12:15:12:Infinity": 2,
        "s:13:20:13:Infinity": 3,
        "b:14:2:16:Infinity:undefined:undefined:undefined:undefined": 1,
        "s:14:2:16:Infinity": 4,
        "b:14:6:14:24:14:24:14:43:14:43:14:77": 2,
        "s:15:4:15:Infinity": 5,
        "s:17:2:17:Infinity": 6,
        "f:23:16:23:26": 1,
        "s:24:2:24:Infinity": 7,
        "f:30:16:30:27": 2,
        "s:31:2:31:Infinity": 8,
        "f:37:16:37:32": 3,
        "s:38:2:41:Infinity": 9
      }
    }
  },
  "F:\\PROYECTOS\\_DESARROLLO_WEB\\260113_-_portfolio_alexzapata_dev\\portfolio_alexzapata_dev\\portfolio_frontend\\src\\utils\\error-handler.ts": {
    "path": "F:\\PROYECTOS\\_DESARROLLO_WEB\\260113_-_portfolio_alexzapata_dev\\portfolio_alexzapata_dev\\portfolio_frontend\\src\\utils\\error-handler.ts",
    "statementMap": {
      "0": { "start": { "line": 8, "column": 2 }, "end": { "line": 19, "column": null } },
      "1": { "start": { "line": 9, "column": 4 }, "end": { "line": 11, "column": null } },
      "2": { "start": { "line": 10, "column": 6 }, "end": { "line": 10, "column": null } },
      "3": { "start": { "line": 12, "column": 4 }, "end": { "line": 14, "column": null } },
      "4": { "start": { "line": 13, "column": 6 }, "end": { "line": 13, "column": null } },
      "5": { "start": { "line": 15, "column": 4 }, "end": { "line": 17, "column": null } },
      "6": { "start": { "line": 16, "column": 6 }, "end": { "line": 16, "column": null } },
      "7": { "start": { "line": 18, "column": 4 }, "end": { "line": 18, "column": null } },
      "8": { "start": { "line": 21, "column": 2 }, "end": { "line": 23, "column": null } },
      "9": { "start": { "line": 22, "column": 4 }, "end": { "line": 22, "column": null } },
      "10": { "start": { "line": 25, "column": 2 }, "end": { "line": 25, "column": null } },
      "11": { "start": { "line": 33, "column": 2 }, "end": { "line": 35, "column": null } },
      "12": { "start": { "line": 34, "column": 4 }, "end": { "line": 34, "column": null } },
      "13": { "start": { "line": 36, "column": 2 }, "end": { "line": 36, "column": null } }
    },
    "fnMap": {
      "0": {
        "name": "getErrorMessage",
        "decl": { "start": { "line": 7, "column": 16 }, "end": { "line": 7, "column": 32 } },
        "loc": { "start": { "line": 7, "column": 54 }, "end": { "line": 26, "column": null } },
        "line": 7
      },
      "1": {
        "name": "isRetryableError",
        "decl": { "start": { "line": 32, "column": 16 }, "end": { "line": 32, "column": 33 } },
        "loc": { "start": { "line": 32, "column": 56 }, "end": { "line": 37, "column": null } },
        "line": 32
      }
    },
    "branchMap": {
      "0": {
        "loc": { "start": { "line": 8, "column": 2 }, "end": { "line": 19, "column": null } },
        "type": "if",
        "locations": [
          { "start": { "line": 8, "column": 2 }, "end": { "line": 19, "column": null } },
          { "start": {}, "end": {} }
        ],
        "line": 8
      },
      "1": {
        "loc": { "start": { "line": 9, "column": 4 }, "end": { "line": 11, "column": null } },
        "type": "if",
        "locations": [
          { "start": { "line": 9, "column": 4 }, "end": { "line": 11, "column": null } },
          { "start": {}, "end": {} }
        ],
        "line": 9
      },
      "2": {
        "loc": { "start": { "line": 12, "column": 4 }, "end": { "line": 14, "column": null } },
        "type": "if",
        "locations": [
          { "start": { "line": 12, "column": 4 }, "end": { "line": 14, "column": null } },
          { "start": {}, "end": {} }
        ],
        "line": 12
      },
      "3": {
        "loc": { "start": { "line": 15, "column": 4 }, "end": { "line": 17, "column": null } },
        "type": "if",
        "locations": [
          { "start": { "line": 15, "column": 4 }, "end": { "line": 17, "column": null } },
          { "start": {}, "end": {} }
        ],
        "line": 15
      },
      "4": {
        "loc": { "start": { "line": 21, "column": 2 }, "end": { "line": 23, "column": null } },
        "type": "if",
        "locations": [
          { "start": { "line": 21, "column": 2 }, "end": { "line": 23, "column": null } },
          { "start": {}, "end": {} }
        ],
        "line": 21
      },
      "5": {
        "loc": { "start": { "line": 33, "column": 2 }, "end": { "line": 35, "column": null } },
        "type": "if",
        "locations": [
          { "start": { "line": 33, "column": 2 }, "end": { "line": 35, "column": null } },
          { "start": {}, "end": {} }
        ],
        "line": 33
      },
      "6": {
        "loc": { "start": { "line": 34, "column": 11 }, "end": { "line": 34, "column": null } },
        "type": "binary-expr",
        "locations": [
          { "start": { "line": 34, "column": 11 }, "end": { "line": 34, "column": 32 } },
          { "start": { "line": 34, "column": 32 }, "end": { "line": 34, "column": null } }
        ],
        "line": 34
      }
    },
    "s": {
      "0": 0,
      "1": 0,
      "2": 0,
      "3": 0,
      "4": 0,
      "5": 0,
      "6": 0,
      "7": 0,
      "8": 0,
      "9": 0,
      "10": 0,
      "11": 0,
      "12": 0,
      "13": 0
    },
    "f": { "0": 0, "1": 0 },
    "b": {
      "0": [0, 0],
      "1": [0, 0],
      "2": [0, 0],
      "3": [0, 0],
      "4": [0, 0],
      "5": [0, 0],
      "6": [0, 0]
    },
    "meta": {
      "lastBranch": 7,
      "lastFunction": 2,
      "lastStatement": 14,
      "seen": {
        "f:7:16:7:32": 0,
        "b:8:2:19:Infinity:undefined:undefined:undefined:undefined": 0,
        "s:8:2:19:Infinity": 0,
        "b:9:4:11:Infinity:undefined:undefined:undefined:undefined": 1,
        "s:9:4:11:Infinity": 1,
        "s:10:6:10:Infinity": 2,
        "b:12:4:14:Infinity:undefined:undefined:undefined:undefined": 2,
        "s:12:4:14:Infinity": 3,
        "s:13:6:13:Infinity": 4,
        "b:15:4:17:Infinity:undefined:undefined:undefined:undefined": 3,
        "s:15:4:17:Infinity": 5,
        "s:16:6:16:Infinity": 6,
        "s:18:4:18:Infinity": 7,
        "b:21:2:23:Infinity:undefined:undefined:undefined:undefined": 4,
        "s:21:2:23:Infinity": 8,
        "s:22:4:22:Infinity": 9,
        "s:25:2:25:Infinity": 10,
        "f:32:16:32:33": 1,
        "b:33:2:35:Infinity:undefined:undefined:undefined:undefined": 5,
        "s:33:2:35:Infinity": 11,
        "s:34:4:34:Infinity": 12,
        "b:34:11:34:32:34:32:34:Infinity": 6,
        "s:36:2:36:Infinity": 13
      }
    }
  },
  "F:\\PROYECTOS\\_DESARROLLO_WEB\\260113_-_portfolio_alexzapata_dev\\portfolio_alexzapata_dev\\portfolio_frontend\\src\\utils\\formatters.ts": {
    "path": "F:\\PROYECTOS\\_DESARROLLO_WEB\\260113_-_portfolio_alexzapata_dev\\portfolio_alexzapata_dev\\portfolio_frontend\\src\\utils\\formatters.ts",
    "statementMap": {
      "0": { "start": { "line": 2, "column": 2 }, "end": { "line": 5, "column": null } },
      "1": { "start": { "line": 9, "column": 19 }, "end": { "line": 9, "column": null } },
      "2": { "start": { "line": 10, "column": 2 }, "end": { "line": 10, "column": null } },
      "3": { "start": { "line": 10, "column": 25 }, "end": { "line": 10, "column": null } },
      "4": { "start": { "line": 11, "column": 2 }, "end": { "line": 11, "column": null } }
    },
    "fnMap": {
      "0": {
        "name": "formatDate",
        "decl": { "start": { "line": 1, "column": 16 }, "end": { "line": 1, "column": 27 } },
        "loc": { "start": { "line": 1, "column": 52 }, "end": { "line": 6, "column": null } },
        "line": 1
      },
      "1": {
        "name": "formatDateRange",
        "decl": { "start": { "line": 8, "column": 16 }, "end": { "line": 8, "column": 32 } },
        "loc": { "start": { "line": 8, "column": 95 }, "end": { "line": 12, "column": null } },
        "line": 8
      }
    },
    "branchMap": {
      "0": {
        "loc": { "start": { "line": 10, "column": 2 }, "end": { "line": 10, "column": null } },
        "type": "if",
        "locations": [
          { "start": { "line": 10, "column": 2 }, "end": { "line": 10, "column": null } },
          { "start": {}, "end": {} }
        ],
        "line": 10
      },
      "1": {
        "loc": { "start": { "line": 10, "column": 6 }, "end": { "line": 10, "column": 25 } },
        "type": "binary-expr",
        "locations": [
          { "start": { "line": 10, "column": 6 }, "end": { "line": 10, "column": 19 } },
          { "start": { "line": 10, "column": 19 }, "end": { "line": 10, "column": 25 } }
        ],
        "line": 10
      }
    },
    "s": { "0": 0, "1": 0, "2": 0, "3": 0, "4": 0 },
    "f": { "0": 0, "1": 0 },
    "b": { "0": [0, 0], "1": [0, 0] },
    "meta": {
      "lastBranch": 2,
      "lastFunction": 2,
      "lastStatement": 5,
      "seen": {
        "f:1:16:1:27": 0,
        "s:2:2:5:Infinity": 0,
        "f:8:16:8:32": 1,
        "s:9:19:9:Infinity": 1,
        "b:10:2:10:Infinity:undefined:undefined:undefined:undefined": 0,
        "s:10:2:10:Infinity": 2,
        "b:10:6:10:19:10:19:10:25": 1,
        "s:10:25:10:Infinity": 3,
        "s:11:2:11:Infinity": 4
      }
    }
  }
}
